<?xml version="1.0" encoding="UTF-8"?>
<testng-results ignored="0" total="1" passed="1" failed="0" skipped="0">
  <reporter-output>
  </reporter-output>
  <suite started-at="2026-03-06T10:54:18 IST" name="CaseKaro Test Suite" finished-at="2026-03-06T10:56:20 IST" duration-ms="122767">
    <groups>
      <group name="cucumber">
        <method signature="AbstractTestNGCucumberTests.runScenario(io.cucumber.testng.PickleWrapper,io.cucumber.testng.FeatureWrapper)[pri:0, instance:runner.TestRunner@7193666c]" name="runScenario" class="io.cucumber.testng.AbstractTestNGCucumberTests"/>
      </group> <!-- cucumber -->
    </groups>
    <test started-at="2026-03-06T10:54:18 IST" name="CaseKaro BDD Tests" finished-at="2026-03-06T10:56:20 IST" duration-ms="122767">
      <class name="runner.TestRunner">
        <test-method is-config="true" signature="setUpClass(org.testng.ITestContext)[pri:0, instance:runner.TestRunner@7193666c]" started-at="2026-03-06T10:54:18 IST" name="setUpClass" finished-at="2026-03-06T10:54:18 IST" duration-ms="819" status="PASS">
          <params>
            <param index="0">
              <value>
                <![CDATA[org.testng.TestRunner@4aeaadc1]]>
              </value>
            </param>
          </params>
          <reporter-output>
          </reporter-output>
        </test-method> <!-- setUpClass -->
        <test-method signature="runScenario(io.cucumber.testng.PickleWrapper,io.cucumber.testng.FeatureWrapper)[pri:0, instance:runner.TestRunner@7193666c]" started-at="2026-03-06T10:54:18 IST" name="runScenario" description="Runs Cucumber Scenarios" data-provider="scenarios" finished-at="2026-03-06T10:56:20 IST" duration-ms="121834" status="PASS">
          <params>
            <param index="0">
              <value>
                <![CDATA["Add all 3 materials to cart for iPhone 16 Pro"]]>
              </value>
            </param>
            <param index="1">
              <value>
                <![CDATA["CaseKaro Shopping Flow"]]>
              </value>
            </param>
          </params>
          <reporter-output>
          </reporter-output>
        </test-method> <!-- runScenario -->
        <test-method is-config="true" signature="tearDownClass()[pri:0, instance:runner.TestRunner@7193666c]" started-at="2026-03-06T10:56:20 IST" name="tearDownClass" finished-at="2026-03-06T10:56:20 IST" duration-ms="44" status="PASS">
          <reporter-output>
          </reporter-output>
        </test-method> <!-- tearDownClass -->
      </class> <!-- runner.TestRunner -->
    </test> <!-- CaseKaro BDD Tests -->
  </suite> <!-- CaseKaro Test Suite -->
</testng-results>
